TN:
SF:modules\calculator.js
FN:2,(anonymous_0)
FN:7,(anonymous_1)
FN:10,(anonymous_2)
FN:14,(anonymous_3)
FN:18,(anonymous_4)
FNF:5
FNH:5
FNDA:1,(anonymous_0)
FNDA:1,(anonymous_1)
FNDA:1,(anonymous_2)
FNDA:1,(anonymous_3)
FNDA:1,(anonymous_4)
DA:3,1
DA:4,1
DA:7,1
DA:8,1
DA:10,1
DA:11,1
DA:14,1
DA:15,1
DA:18,1
DA:19,1
DA:24,1
LF:11
LH:11
BRF:0
BRH:0
end_of_record
TN:
SF:modules\capitalize.js
FN:1,capitalize
FNF:1
FNH:1
FNDA:1,capitalize
DA:2,1
DA:3,1
DA:4,1
DA:5,1
DA:8,1
LF:5
LH:5
BRF:0
BRH:0
end_of_record
TN:
SF:modules\reverseString.js
FN:1,(anonymous_0)
FNF:1
FNH:1
FNDA:2,(anonymous_0)
DA:1,1
DA:2,2
DA:3,2
DA:4,28
DA:6,2
DA:9,1
LF:6
LH:6
BRF:0
BRH:0
end_of_record
TN:
SF:modules\stringLength.js
FN:1,stringLength
FNF:1
FNH:1
FNDA:1,stringLength
DA:2,1
DA:8,1
LF:2
LH:2
BRF:0
BRH:0
end_of_record
